<?xml version="1.0" encoding="UTF-8"?>
<!-- Generated by org.testng.reporters.JUnitReportReporter -->
<testsuite skipped="0" hostname="Manpreet" name="com.datadriven.testcases.AddContactsTest" tests="4" failures="0" timestamp="12 Apr 2021 06:17:15 GMT" time="34.704" errors="0">
  <testcase name="addContactsTest" time="8.767" classname="com.datadriven.testcases.AddContactsTest"/>
  <testcase name="addContactsTest" time="8.448" classname="com.datadriven.testcases.AddContactsTest"/>
  <testcase name="addContactsTest" time="10.103" classname="com.datadriven.testcases.AddContactsTest"/>
  <testcase name="addContactsTest" time="7.386" classname="com.datadriven.testcases.AddContactsTest"/>
</testsuite> <!-- com.datadriven.testcases.AddContactsTest -->
