<?xml version="1.0" encoding="UTF-8"?>
<!-- Generated by org.testng.reporters.JUnitReportReporter -->
<testsuite skipped="0" hostname="Manpreet" name="com.datadriven.testcases.LoginTest" tests="1" failures="0" timestamp="01 Apr 2021 16:53:30 GMT" time="1.510" errors="0">
  <testcase name="loginToApp" time="1.510" classname="com.datadriven.testcases.LoginTest"/>
</testsuite> <!-- com.datadriven.testcases.LoginTest -->
