<?xml version="1.0" encoding="UTF-8"?>
<!-- Generated by org.testng.reporters.JUnitReportReporter -->
<testsuite skipped="0" hostname="Manpreet" name="com.datadriven.testcases.AddDealsTest" tests="4" failures="0" timestamp="12 Apr 2021 06:17:15 GMT" time="55.156" errors="0">
  <testcase name="addDealsTest" time="7.797" classname="com.datadriven.testcases.AddDealsTest"/>
  <testcase name="addDealsTest" time="7.500" classname="com.datadriven.testcases.AddDealsTest"/>
  <testcase name="addDealsTest" time="33.729" classname="com.datadriven.testcases.AddDealsTest"/>
  <testcase name="addDealsTest" time="6.130" classname="com.datadriven.testcases.AddDealsTest"/>
</testsuite> <!-- com.datadriven.testcases.AddDealsTest -->
