<?xml version="1.0" encoding="UTF-8"?>
<!-- Generated by org.testng.reporters.JUnitReportReporter -->
<testsuite skipped="0" hostname="Manpreet" name="com.datadriven.testcases.AddContactsTest" tests="4" failures="0" timestamp="13 Apr 2021 02:49:15 GMT" time="185.536" errors="0">
  <testcase name="addContactsTest" time="33.200" classname="com.datadriven.testcases.AddContactsTest"/>
  <testcase name="addContactsTest" time="76.016" classname="com.datadriven.testcases.AddContactsTest"/>
  <testcase name="addContactsTest" time="31.233" classname="com.datadriven.testcases.AddContactsTest"/>
  <testcase name="addContactsTest" time="45.087" classname="com.datadriven.testcases.AddContactsTest"/>
</testsuite> <!-- com.datadriven.testcases.AddContactsTest -->
