<?xml version="1.0" encoding="UTF-8"?>
<!-- Generated by org.testng.reporters.JUnitReportReporter -->
<testsuite skipped="0" hostname="Manpreet" name="com.datadriven.testcases.AddContactsTest" tests="4" failures="0" timestamp="10 May 2021 11:25:02 GMT" time="65.713" errors="0">
  <testcase name="addContactsTest" time="16.606" classname="com.datadriven.testcases.AddContactsTest"/>
  <testcase name="addContactsTest" time="16.169" classname="com.datadriven.testcases.AddContactsTest"/>
  <testcase name="addContactsTest" time="17.001" classname="com.datadriven.testcases.AddContactsTest"/>
  <testcase name="addContactsTest" time="15.937" classname="com.datadriven.testcases.AddContactsTest"/>
</testsuite> <!-- com.datadriven.testcases.AddContactsTest -->
