<?xml version="1.0" encoding="UTF-8"?>
<!-- Generated by org.testng.reporters.JUnitReportReporter -->
<testsuite skipped="0" hostname="Manpreet" name="com.datadriven.testcases.AddDealsTest" tests="4" failures="0" timestamp="13 Apr 2021 02:49:15 GMT" time="160.770" errors="0">
  <testcase name="addDealsTest" time="48.416" classname="com.datadriven.testcases.AddDealsTest"/>
  <testcase name="addDealsTest" time="36.133" classname="com.datadriven.testcases.AddDealsTest"/>
  <testcase name="addDealsTest" time="35.269" classname="com.datadriven.testcases.AddDealsTest"/>
  <testcase name="addDealsTest" time="40.952" classname="com.datadriven.testcases.AddDealsTest"/>
</testsuite> <!-- com.datadriven.testcases.AddDealsTest -->
